# JRE version: Java(TM) SE Runtime Environment 18.9 (11.0.14+8) (build 11.0.14+8-LTS-263)
# Java VM: Java HotSpot(TM) 64-Bit Server VM 18.9 (11.0.14+8-LTS-263, mixed mode, tiered, compressed oops, g1 gc, windows-amd64)
Heap:
 garbage-first heap   total 262144K, used 191377K [0x00000000e0000000, 0x0000000100000000)
  region size 1024K, 102 young (104448K), 6 survivors (6144K)
 Metaspace       used 84517K, capacity 87368K, committed 87680K, reserved 331776K
  class space    used 10540K, capacity 11530K, committed 11648K, reserved 253952K
GC Heap History (10 events):
Event: 18.955 GC heap before
{Heap before GC invocations=8 (full 0):
 garbage-first heap   total 262144K, used 171399K [0x00000000e0000000, 0x0000000100000000)
  region size 1024K, 147 young (150528K), 13 survivors (13312K)
 Metaspace       used 58309K, capacity 60071K, committed 60160K, reserved 307200K
  class space    used 7682K, capacity 8362K, committed 8448K, reserved 253952K
}
Event: 18.969 GC heap after
{Heap after GC invocations=9 (full 0):
 garbage-first heap   total 262144K, used 45652K [0x00000000e0000000, 0x0000000100000000)
  region size 1024K, 16 young (16384K), 16 survivors (16384K)
 Metaspace       used 58309K, capacity 60071K, committed 60160K, reserved 307200K
  class space    used 7682K, capacity 8362K, committed 8448K, reserved 253952K
}
Event: 799.412 GC heap before
{Heap before GC invocations=10 (full 0):
 garbage-first heap   total 262144K, used 185940K [0x00000000e0000000, 0x0000000100000000)
  region size 1024K, 153 young (156672K), 16 survivors (16384K)
 Metaspace       used 69668K, capacity 71881K, committed 72192K, reserved 317440K
  class space    used 9077K, capacity 9874K, committed 9984K, reserved 253952K
}
Event: 799.428 GC heap after
{Heap after GC invocations=11 (full 0):
 garbage-first heap   total 262144K, used 56320K [0x00000000e0000000, 0x0000000100000000)
  region size 1024K, 20 young (20480K), 20 survivors (20480K)
 Metaspace       used 69668K, capacity 71881K, committed 72192K, reserved 317440K
  class space    used 9077K, capacity 9874K, committed 9984K, reserved 253952K
}
Event: 808.565 GC heap before
{Heap before GC invocations=11 (full 0):
 garbage-first heap   total 262144K, used 191488K [0x00000000e0000000, 0x0000000100000000)
  region size 1024K, 153 young (156672K), 20 survivors (20480K)
 Metaspace       used 73351K, capacity 75576K, committed 75648K, reserved 319488K
  class space    used 9506K, capacity 10333K, committed 10368K, reserved 253952K
}
Event: 808.586 GC heap after
{Heap after GC invocations=12 (full 0):
 garbage-first heap   total 262144K, used 71231K [0x00000000e0000000, 0x0000000100000000)
  region size 1024K, 15 young (15360K), 15 survivors (15360K)
 Metaspace       used 73351K, capacity 75576K, committed 75648K, reserved 319488K
  class space    used 9506K, capacity 10333K, committed 10368K, reserved 253952K
}
Event: 810.764 GC heap before
{Heap before GC invocations=12 (full 0):
 garbage-first heap   total 262144K, used 201279K [0x00000000e0000000, 0x0000000100000000)
  region size 1024K, 142 young (145408K), 15 survivors (15360K)
 Metaspace       used 80989K, capacity 83470K, committed 83712K, reserved 327680K
  class space    used 10301K, capacity 11226K, committed 11264K, reserved 253952K
}
Event: 810.784 GC heap after
{Heap after GC invocations=13 (full 0):
 garbage-first heap   total 262144K, used 90502K [0x00000000e0000000, 0x0000000100000000)
  region size 1024K, 18 young (18432K), 18 survivors (18432K)
 Metaspace       used 80989K, capacity 83470K, committed 83712K, reserved 327680K
  class space    used 10301K, capacity 11226K, committed 11264K, reserved 253952K
}
Event: 1039.391 GC heap before
{Heap before GC invocations=13 (full 0):
 garbage-first heap   total 262144K, used 198022K [0x00000000e0000000, 0x0000000100000000)
  region size 1024K, 124 young (126976K), 18 survivors (18432K)
 Metaspace       used 82906K, capacity 85503K, committed 85632K, reserved 329728K
  class space    used 10448K, capacity 11380K, committed 11392K, reserved 253952K
}
Event: 1039.408 GC heap after
{Heap after GC invocations=14 (full 0):
 garbage-first heap   total 262144K, used 95121K [0x00000000e0000000, 0x0000000100000000)
  region size 1024K, 6 young (6144K), 6 survivors (6144K)
 Metaspace       used 82906K, capacity 85503K, committed 85632K, reserved 329728K
  class space    used 10448K, capacity 11380K, committed 11392K, reserved 253952K
}

